0 verbose cli /data/data/com.termux/files/usr/bin/node /data/data/com.termux/files/usr/bin/npm
1 info using npm@11.9.0
2 info using node@v24.13.0
3 silly config load:file:/data/data/com.termux/files/usr/lib/node_modules/npm/npmrc
4 silly config load:file:/data/data/com.termux/files/home/my-launcher/.npmrc
5 silly config load:file:/data/data/com.termux/files/home/.npmrc
6 silly config load:file:/data/data/com.termux/files/usr/etc/npmrc
7 verbose title npm install framer-motion
8 verbose argv "install" "framer-motion"
9 verbose logfile logs-max:10 dir:/data/data/com.termux/files/home/.npm/_logs/2026-02-11T19_37_05_946Z-
10 verbose logfile /data/data/com.termux/files/home/.npm/_logs/2026-02-11T19_37_05_946Z-debug-0.log
11 silly logfile done cleaning log files
12 silly packumentCache heap:1072168960 maxSize:268042240 maxEntrySize:134021120
13 verbose shrinkwrap failed to load node_modules/.package-lock.json out of date, updated: node_modules
14 silly idealTree buildDeps
15 silly fetch manifest framer-motion@*
16 silly packumentCache full:https://registry.npmjs.org/framer-motion cache-miss
17 http fetch GET 200 https://registry.npmjs.org/framer-motion 2307ms (cache miss)
18 silly packumentCache full:https://registry.npmjs.org/framer-motion set size:undefined disposed:false
19 silly fetch manifest @emotion/is-prop-valid@*
20 silly packumentCache full:https://registry.npmjs.org/@emotion%2fis-prop-valid cache-miss
21 http fetch GET 200 https://registry.npmjs.org/@emotion%2fis-prop-valid 1080ms (cache miss)
22 silly packumentCache full:https://registry.npmjs.org/@emotion%2fis-prop-valid set size:undefined disposed:false
23 silly fetch manifest react@^19.2.0
24 silly packumentCache full:https://registry.npmjs.org/react cache-miss
25 http fetch GET 200 https://registry.npmjs.org/react 351ms (cache revalidated)
26 silly packumentCache full:https://registry.npmjs.org/react set size:6476419 disposed:false
27 silly fetch manifest react-dom@^19.2.0
28 silly packumentCache full:https://registry.npmjs.org/react-dom cache-miss
29 http fetch GET 200 https://registry.npmjs.org/react-dom 333ms (cache revalidated)
30 silly packumentCache full:https://registry.npmjs.org/react-dom set size:8570208 disposed:false
31 silly placeDep ROOT framer-motion@12.34.0 OK for: my-launcher@0.0.0 want: *
32 silly fetch manifest motion-dom@^12.34.0
33 silly packumentCache full:https://registry.npmjs.org/motion-dom cache-miss
34 silly fetch manifest motion-utils@^12.29.2
35 silly packumentCache full:https://registry.npmjs.org/motion-utils cache-miss
36 silly fetch manifest tslib@^2.4.0
37 silly packumentCache full:https://registry.npmjs.org/tslib cache-miss
38 http fetch GET 200 https://registry.npmjs.org/motion-dom 686ms (cache miss)
39 silly packumentCache full:https://registry.npmjs.org/motion-dom set size:undefined disposed:false
40 http fetch GET 200 https://registry.npmjs.org/tslib 703ms (cache miss)
41 silly packumentCache full:https://registry.npmjs.org/tslib set size:undefined disposed:false
42 http fetch GET 200 https://registry.npmjs.org/motion-utils 999ms (cache miss)
43 silly packumentCache full:https://registry.npmjs.org/motion-utils set size:undefined disposed:false
44 silly placeDep ROOT motion-dom@12.34.0 OK for: framer-motion@12.34.0 want: ^12.34.0
45 silly placeDep ROOT motion-utils@12.29.2 OK for: framer-motion@12.34.0 want: ^12.29.2
46 silly placeDep ROOT tslib@2.8.1 OK for: framer-motion@12.34.0 want: ^2.4.0
47 silly reify moves {}
48 silly audit bulk request {
48 silly audit   '@babel/code-frame': [ '7.29.0' ],
48 silly audit   '@babel/compat-data': [ '7.29.0' ],
48 silly audit   '@babel/core': [ '7.29.0' ],
48 silly audit   '@babel/generator': [ '7.29.1' ],
48 silly audit   '@babel/helper-compilation-targets': [ '7.28.6' ],
48 silly audit   '@babel/helper-globals': [ '7.28.0' ],
48 silly audit   '@babel/helper-module-imports': [ '7.28.6' ],
48 silly audit   '@babel/helper-module-transforms': [ '7.28.6' ],
48 silly audit   '@babel/helper-plugin-utils': [ '7.28.6' ],
48 silly audit   '@babel/helper-string-parser': [ '7.27.1' ],
48 silly audit   '@babel/helper-validator-identifier': [ '7.28.5' ],
48 silly audit   '@babel/helper-validator-option': [ '7.27.1' ],
48 silly audit   '@babel/helpers': [ '7.28.6' ],
48 silly audit   '@babel/parser': [ '7.29.0' ],
48 silly audit   '@babel/plugin-transform-react-jsx-self': [ '7.27.1' ],
48 silly audit   '@babel/plugin-transform-react-jsx-source': [ '7.27.1' ],
48 silly audit   '@babel/template': [ '7.28.6' ],
48 silly audit   '@babel/traverse': [ '7.29.0' ],
48 silly audit   '@babel/types': [ '7.29.0' ],
48 silly audit   '@esbuild/aix-ppc64': [ '0.27.3' ],
48 silly audit   '@esbuild/android-arm': [ '0.27.3' ],
48 silly audit   '@esbuild/android-arm64': [ '0.27.3' ],
48 silly audit   '@esbuild/android-x64': [ '0.27.3' ],
48 silly audit   '@esbuild/darwin-arm64': [ '0.27.3' ],
48 silly audit   '@esbuild/darwin-x64': [ '0.27.3' ],
48 silly audit   '@esbuild/freebsd-arm64': [ '0.27.3' ],
48 silly audit   '@esbuild/freebsd-x64': [ '0.27.3' ],
48 silly audit   '@esbuild/linux-arm': [ '0.27.3' ],
48 silly audit   '@esbuild/linux-arm64': [ '0.27.3' ],
48 silly audit   '@esbuild/linux-ia32': [ '0.27.3' ],
48 silly audit   '@esbuild/linux-loong64': [ '0.27.3' ],
48 silly audit   '@esbuild/linux-mips64el': [ '0.27.3' ],
48 silly audit   '@esbuild/linux-ppc64': [ '0.27.3' ],
48 silly audit   '@esbuild/linux-riscv64': [ '0.27.3' ],
48 silly audit   '@esbuild/linux-s390x': [ '0.27.3' ],
48 silly audit   '@esbuild/linux-x64': [ '0.27.3' ],
48 silly audit   '@esbuild/netbsd-arm64': [ '0.27.3' ],
48 silly audit   '@esbuild/netbsd-x64': [ '0.27.3' ],
48 silly audit   '@esbuild/openbsd-arm64': [ '0.27.3' ],
48 silly audit   '@esbuild/openbsd-x64': [ '0.27.3' ],
48 silly audit   '@esbuild/openharmony-arm64': [ '0.27.3' ],
48 silly audit   '@esbuild/sunos-x64': [ '0.27.3' ],
48 silly audit   '@esbuild/win32-arm64': [ '0.27.3' ],
48 silly audit   '@esbuild/win32-ia32': [ '0.27.3' ],
48 silly audit   '@esbuild/win32-x64': [ '0.27.3' ],
48 silly audit   '@eslint-community/eslint-utils': [ '4.9.1' ],
48 silly audit   'eslint-visitor-keys': [ '3.4.3', '4.2.1' ],
48 silly audit   '@eslint-community/regexpp': [ '4.12.2' ],
48 silly audit   '@eslint/config-array': [ '0.21.1' ],
48 silly audit   '@eslint/config-helpers': [ '0.4.2' ],
48 silly audit   '@eslint/core': [ '0.17.0' ],
48 silly audit   '@eslint/eslintrc': [ '3.3.3' ],
48 silly audit   globals: [ '14.0.0', '16.5.0' ],
48 silly audit   '@eslint/js': [ '9.39.2' ],
48 silly audit   '@eslint/object-schema': [ '2.1.7' ],
48 silly audit   '@eslint/plugin-kit': [ '0.4.1' ],
48 silly audit   '@humanfs/core': [ '0.19.1' ],
48 silly audit   '@humanfs/node': [ '0.16.7' ],
48 silly audit   '@humanwhocodes/module-importer': [ '1.0.1' ],
48 silly audit   '@humanwhocodes/retry': [ '0.4.3' ],
48 silly audit   '@jridgewell/gen-mapping': [ '0.3.13' ],
48 silly audit   '@jridgewell/remapping': [ '2.3.5' ],
48 silly audit   '@jridgewell/resolve-uri': [ '3.1.2' ],
48 silly audit   '@jridgewell/sourcemap-codec': [ '1.5.5' ],
48 silly audit   '@jridgewell/trace-mapping': [ '0.3.31' ],
48 silly audit   '@rolldown/pluginutils': [ '1.0.0-rc.3' ],
48 silly audit   '@rollup/rollup-android-arm-eabi': [ '4.57.1' ],
48 silly audit   '@rollup/rollup-android-arm64': [ '4.57.1' ],
48 silly audit   '@rollup/rollup-darwin-arm64': [ '4.57.1' ],
48 silly audit   '@rollup/rollup-darwin-x64': [ '4.57.1' ],
48 silly audit   '@rollup/rollup-freebsd-arm64': [ '4.57.1' ],
48 silly audit   '@rollup/rollup-freebsd-x64': [ '4.57.1' ],
48 silly audit   '@rollup/rollup-linux-arm-gnueabihf': [ '4.57.1' ],
48 silly audit   '@rollup/rollup-linux-arm-musleabihf': [ '4.57.1' ],
48 silly audit   '@rollup/rollup-linux-arm64-gnu': [ '4.57.1' ],
48 silly audit   '@rollup/rollup-linux-arm64-musl': [ '4.57.1' ],
48 silly audit   '@rollup/rollup-linux-loong64-gnu': [ '4.57.1' ],
48 silly audit   '@rollup/rollup-linux-loong64-musl': [ '4.57.1' ],
48 silly audit   '@rollup/rollup-linux-ppc64-gnu': [ '4.57.1' ],
48 silly audit   '@rollup/rollup-linux-ppc64-musl': [ '4.57.1' ],
48 silly audit   '@rollup/rollup-linux-riscv64-gnu': [ '4.57.1' ],
48 silly audit   '@rollup/rollup-linux-riscv64-musl': [ '4.57.1' ],
48 silly audit   '@rollup/rollup-linux-s390x-gnu': [ '4.57.1' ],
48 silly audit   '@rollup/rollup-linux-x64-gnu': [ '4.57.1' ],
48 silly audit   '@rollup/rollup-linux-x64-musl': [ '4.57.1' ],
48 silly audit   '@rollup/rollup-openbsd-x64': [ '4.57.1' ],
48 silly audit   '@rollup/rollup-openharmony-arm64': [ '4.57.1' ],
48 silly audit   '@rollup/rollup-win32-arm64-msvc': [ '4.57.1' ],
48 silly audit   '@rollup/rollup-win32-ia32-msvc': [ '4.57.1' ],
48 silly audit   '@rollup/rollup-win32-x64-gnu': [ '4.57.1' ],
48 silly audit   '@rollup/rollup-win32-x64-msvc': [ '4.57.1' ],
48 silly audit   '@types/babel__core': [ '7.20.5' ],
48 silly audit   '@types/babel__generator': [ '7.27.0' ],
48 silly audit   '@types/babel__template': [ '7.4.4' ],
48 silly audit   '@types/babel__traverse': [ '7.28.0' ],
48 silly audit   '@types/estree': [ '1.0.8' ],
48 silly audit   '@types/json-schema': [ '7.0.15' ],
48 silly audit   '@types/react': [ '19.2.14' ],
48 silly audit   '@types/react-dom': [ '19.2.3' ],
48 silly audit   '@vitejs/plugin-react': [ '5.1.4' ],
48 silly audit   acorn: [ '8.15.0' ],
48 silly audit   'acorn-jsx': [ '5.3.2' ],
48 silly audit   ajv: [ '6.12.6' ],
48 silly audit   'ansi-styles': [ '4.3.0' ],
48 silly audit   argparse: [ '2.0.1' ],
48 silly audit   'balanced-match': [ '1.0.2' ],
48 silly audit   'baseline-browser-mapping': [ '2.9.19' ],
48 silly audit   'brace-expansion': [ '1.1.12' ],
48 silly audit   browserslist: [ '4.28.1' ],
48 silly audit   callsites: [ '3.1.0' ],
48 silly audit   'caniuse-lite': [ '1.0.30001769' ],
48 silly audit   chalk: [ '4.1.2' ],
48 silly audit   'color-convert': [ '2.0.1' ],
48 silly audit   'color-name': [ '1.1.4' ],
48 silly audit   'concat-map': [ '0.0.1' ],
48 silly audit   'convert-source-map': [ '2.0.0' ],
48 silly audit   'cross-spawn': [ '7.0.6' ],
48 silly audit   csstype: [ '3.2.3' ],
48 silly audit   debug: [ '4.4.3' ],
48 silly audit   'deep-is': [ '0.1.4' ],
48 silly audit   'electron-to-chromium': [ '1.5.286' ],
48 silly audit   esbuild: [ '0.27.3' ],
48 silly audit   escalade: [ '3.2.0' ],
48 silly audit   'escape-string-regexp': [ '4.0.0' ],
48 silly audit   eslint: [ '9.39.2' ],
48 silly audit   'eslint-plugin-react-hooks': [ '7.0.1' ],
48 silly audit   'eslint-plugin-react-refresh': [ '0.4.26' ],
48 silly audit   'eslint-scope': [ '8.4.0' ],
48 silly audit   espree: [ '10.4.0' ],
48 silly audit   esquery: [ '1.7.0' ],
48 silly audit   esrecurse: [ '4.3.0' ],
48 silly audit   estraverse: [ '5.3.0' ],
48 silly audit   esutils: [ '2.0.3' ],
48 silly audit   'fast-deep-equal': [ '3.1.3' ],
48 silly audit   'fast-json-stable-stringify': [ '2.1.0' ],
48 silly audit   'fast-levenshtein': [ '2.0.6' ],
48 silly audit   fdir: [ '6.5.0' ],
48 silly audit   'file-entry-cache': [ '8.0.0' ],
48 silly audit   'find-up': [ '5.0.0' ],
48 silly audit   'flat-cache': [ '4.0.1' ],
48 silly audit   flatted: [ '3.3.3' ],
48 silly audit   fsevents: [ '2.3.3' ],
48 silly audit   gensync: [ '1.0.0-beta.2' ],
48 silly audit   'glob-parent': [ '6.0.2' ],
48 silly audit   'has-flag': [ '4.0.0' ],
48 silly audit   'hermes-estree': [ '0.25.1' ],
48 silly audit   'hermes-parser': [ '0.25.1' ],
48 silly audit   ignore: [ '5.3.2' ],
48 silly audit   'import-fresh': [ '3.3.1' ],
48 silly audit   imurmurhash: [ '0.1.4' ],
48 silly audit   'is-extglob': [ '2.1.1' ],
48 silly audit   'is-glob': [ '4.0.3' ],
48 silly audit   isexe: [ '2.0.0' ],
48 silly audit   'js-tokens': [ '4.0.0' ],
48 silly audit   'js-yaml': [ '4.1.1' ],
48 silly audit   jsesc: [ '3.1.0' ],
48 silly audit   'json-buffer': [ '3.0.1' ],
48 silly audit   'json-schema-traverse': [ '0.4.1' ],
48 silly audit   'json-stable-stringify-without-jsonify': [ '1.0.1' ],
48 silly audit   json5: [ '2.2.3' ],
48 silly audit   keyv: [ '4.5.4' ],
48 silly audit   levn: [ '0.4.1' ],
48 silly audit   'locate-path': [ '6.0.0' ],
48 silly audit   'lodash.merge': [ '4.6.2' ],
48 silly audit   'lru-cache': [ '5.1.1' ],
48 silly audit   minimatch: [ '3.1.2' ],
48 silly audit   ms: [ '2.1.3' ],
48 silly audit   nanoid: [ '3.3.11' ],
48 silly audit   'natural-compare': [ '1.4.0' ],
48 silly audit   'node-releases': [ '2.0.27' ],
48 silly audit   optionator: [ '0.9.4' ],
48 silly audit   'p-limit': [ '3.1.0' ],
48 silly audit   'p-locate': [ '5.0.0' ],
48 silly audit   'parent-module': [ '1.0.1' ],
48 silly audit   'path-exists': [ '4.0.0' ],
48 silly audit   'path-key': [ '3.1.1' ],
48 silly audit   picocolors: [ '1.1.1' ],
48 silly audit   picomatch: [ '4.0.3' ],
48 silly audit   postcss: [ '8.5.6' ],
48 silly audit   'prelude-ls': [ '1.2.1' ],
48 silly audit   punycode: [ '2.3.1' ],
48 silly audit   react: [ '19.2.4' ],
48 silly audit   'react-dom': [ '19.2.4' ],
48 silly audit   'react-refresh': [ '0.18.0' ],
48 silly audit   'resolve-from': [ '4.0.0' ],
48 silly audit   rollup: [ '4.57.1' ],
48 silly audit   scheduler: [ '0.27.0' ],
48 silly audit   semver: [ '6.3.1' ],
48 silly audit   'shebang-command': [ '2.0.0' ],
48 silly audit   'shebang-regex': [ '3.0.0' ],
48 silly audit   'source-map-js': [ '1.2.1' ],
48 silly audit   'strip-json-comments': [ '3.1.1' ],
48 silly audit   'supports-color': [ '7.2.0' ],
48 silly audit   tinyglobby: [ '0.2.15' ],
48 silly audit   'type-check': [ '0.4.0' ],
48 silly audit   'update-browserslist-db': [ '1.2.3' ],
48 silly audit   'uri-js': [ '4.4.1' ],
48 silly audit   vite: [ '7.3.1' ],
48 silly audit   which: [ '2.0.2' ],
48 silly audit   'word-wrap': [ '1.2.5' ],
48 silly audit   yallist: [ '3.1.1' ],
48 silly audit   'yocto-queue': [ '0.1.0' ],
48 silly audit   zod: [ '4.3.6' ],
48 silly audit   'zod-validation-error': [ '4.0.2' ],
48 silly audit   'framer-motion': [ '12.34.0' ],
48 silly audit   'motion-dom': [ '12.34.0' ],
48 silly audit   'motion-utils': [ '12.29.2' ],
48 silly audit   tslib: [ '2.8.1' ]
48 silly audit }
49 http cache tslib@https://registry.npmjs.org/tslib/-/tslib-2.8.1.tgz 0ms (cache hit)
50 http cache motion-utils@https://registry.npmjs.org/motion-utils/-/motion-utils-12.29.2.tgz 1ms (cache hit)
51 http cache motion-dom@https://registry.npmjs.org/motion-dom/-/motion-dom-12.34.0.tgz 0ms (cache hit)
52 http cache framer-motion@https://registry.npmjs.org/framer-motion/-/framer-motion-12.34.0.tgz 0ms (cache hit)
53 silly tarball no local data for motion-utils@https://registry.npmjs.org/motion-utils/-/motion-utils-12.29.2.tgz. Extracting by manifest.
54 silly tarball no local data for framer-motion@https://registry.npmjs.org/framer-motion/-/framer-motion-12.34.0.tgz. Extracting by manifest.
55 silly tarball no local data for motion-dom@https://registry.npmjs.org/motion-dom/-/motion-dom-12.34.0.tgz. Extracting by manifest.
56 silly tarball no local data for tslib@https://registry.npmjs.org/tslib/-/tslib-2.8.1.tgz. Extracting by manifest.
57 http fetch POST 200 https://registry.npmjs.org/-/npm/v1/security/advisories/bulk 817ms
58 silly audit report {}
59 http fetch GET 200 https://registry.npmjs.org/tslib/-/tslib-2.8.1.tgz 985ms (cache miss)
60 http fetch GET 200 https://registry.npmjs.org/motion-utils/-/motion-utils-12.29.2.tgz 1081ms (cache miss)
61 http fetch GET 200 https://registry.npmjs.org/framer-motion/-/framer-motion-12.34.0.tgz 3194ms (cache miss)
62 http fetch GET 200 https://registry.npmjs.org/motion-dom/-/motion-dom-12.34.0.tgz 3919ms (cache miss)
63 silly ADD node_modules/tslib
64 silly ADD node_modules/motion-utils
65 silly ADD node_modules/motion-dom
66 silly ADD node_modules/framer-motion
67 verbose cwd /data/data/com.termux/files/home/my-launcher
68 verbose os Linux 5.10.226-android12-9-00047-g4968e29b7f92-ab12786767
69 verbose node v24.13.0
70 verbose npm  v11.9.0
71 verbose exit 0
72 info ok
