0 verbose cli /data/data/com.termux/files/usr/bin/node /data/data/com.termux/files/usr/bin/npm
1 info using npm@11.9.0
2 info using node@v24.13.0
3 silly config load:file:/data/data/com.termux/files/usr/lib/node_modules/npm/npmrc
4 silly config load:file:/data/data/com.termux/files/home/.npmrc
5 silly config load:file:/data/data/com.termux/files/usr/etc/npmrc
6 verbose title npm create vite@latest my-launcher --template react
7 verbose argv "create" "vite@latest" "my-launcher" "--" "--template" "react"
8 verbose logfile logs-max:10 dir:/data/data/com.termux/files/home/.npm/_logs/2026-02-11T19_21_02_139Z-
9 verbose logfile /data/data/com.termux/files/home/.npm/_logs/2026-02-11T19_21_02_139Z-debug-0.log
10 silly logfile done cleaning log files
11 silly packumentCache heap:1072168960 maxSize:268042240 maxEntrySize:134021120
12 http fetch GET 200 https://registry.npmjs.org/create-vite 896ms (cache miss)
13 silly packumentCache heap:1072168960 maxSize:268042240 maxEntrySize:134021120
14 http fetch GET 200 https://registry.npmjs.org/npm 1639ms
15 silly idealTree buildDeps
16 silly fetch manifest create-vite@8.3.0
17 silly packumentCache full:https://registry.npmjs.org/create-vite cache-miss
18 http fetch GET 200 https://registry.npmjs.org/create-vite 586ms (cache miss)
19 silly packumentCache full:https://registry.npmjs.org/create-vite set size:undefined disposed:false
20 silly placeDep ROOT create-vite@8.3.0 OK for:  want: 8.3.0
21 silly reify moves {}
22 silly audit bulk request { 'create-vite': [ '8.3.0' ] }
23 http cache create-vite@https://registry.npmjs.org/create-vite/-/create-vite-8.3.0.tgz 2ms (cache hit)
24 silly tarball no local data for create-vite@https://registry.npmjs.org/create-vite/-/create-vite-8.3.0.tgz. Extracting by manifest.
25 http fetch GET 200 https://registry.npmjs.org/create-vite/-/create-vite-8.3.0.tgz 1092ms (cache miss)
26 http fetch POST 200 https://registry.npmjs.org/-/npm/v1/security/advisories/bulk 1293ms
27 silly audit report {}
